2019-01-13 04:44:41,411 INFO ==========!!========
2019-01-13 04:44:41,411 INFO EPISODE 1 OF 5
2019-01-13 04:44:41,411 INFO ====================
2019-01-13 04:44:41,443 INFO best_player plays as X
2019-01-13 04:44:53,933 INFO action: 155
2019-01-13 04:45:06,580 INFO action: 128
2019-01-13 04:45:19,218 INFO action: 186
2019-01-13 04:46:05,451 INFO action: 109
2019-01-13 04:46:52,528 INFO action: 0
2019-01-13 04:47:19,659 INFO action: 182
2019-01-13 04:47:45,582 INFO action: 35
2019-01-13 04:48:17,804 INFO action: 209
2019-01-13 04:48:36,945 INFO action: 77
2019-01-13 04:49:05,721 INFO action: 166
2019-01-13 04:49:47,444 INFO action: 168
2019-01-13 04:50:27,496 INFO action: 193
2019-01-13 04:50:47,996 INFO action: 1
2019-01-13 04:51:23,299 INFO action: 223
2019-01-13 04:51:50,007 INFO action: 100
2019-01-13 04:52:17,573 INFO action: 142
2019-01-13 04:52:46,904 INFO action: 2
2019-01-13 04:53:18,159 INFO action: 118
2019-01-13 04:53:41,320 INFO action: 47
2019-01-13 04:53:52,951 INFO action: 139
2019-01-13 04:54:04,724 INFO action: 149
2019-01-13 04:54:16,323 INFO action: 204
2019-01-13 04:54:32,238 INFO action: 116
2019-01-13 04:54:43,702 INFO action: 11
2019-01-13 04:54:55,172 INFO action: 112
2019-01-13 04:55:06,558 INFO action: 135
2019-01-13 04:55:17,951 INFO action: 31
2019-01-13 04:55:29,297 INFO action: 190
2019-01-13 04:55:40,561 INFO action: 15
2019-01-13 04:55:51,709 INFO action: 34
2019-01-13 04:56:02,858 INFO action: 162
2019-01-13 04:56:14,073 INFO action: 141
2019-01-13 04:56:25,671 INFO action: 183
2019-01-13 04:56:36,849 INFO action: 153
2019-01-13 04:56:48,120 INFO action: 138
2019-01-13 04:57:21,258 INFO action: 133
2019-01-13 04:57:32,247 INFO action: 93
2019-01-13 04:57:43,136 INFO action: 36
2019-01-13 04:57:53,947 INFO action: 115
2019-01-13 04:58:04,591 INFO action: 10
2019-01-13 04:58:15,193 INFO action: 24
2019-01-13 04:58:25,728 INFO action: 58
2019-01-13 04:58:36,439 INFO action: 46
2019-01-13 04:58:46,798 INFO action: 158
2019-01-13 04:58:57,246 INFO action: 94
2019-01-13 04:59:07,484 INFO action: 152
2019-01-13 04:59:17,784 INFO action: 41
2019-01-13 04:59:28,191 INFO action: 104
2019-01-13 04:59:38,356 INFO action: 160
2019-01-13 04:59:48,654 INFO action: 26
2019-01-13 04:59:59,236 INFO action: 3
2019-01-13 05:00:09,232 INFO action: 194
2019-01-13 05:00:10,250 INFO action: 4
2019-01-13 05:00:10,251 INFO best_player WINS!
2019-01-13 05:00:10,251 INFO ==========!!========
2019-01-13 05:00:10,251 INFO EPISODE 2 OF 5
2019-01-13 05:00:10,251 INFO ====================
2019-01-13 05:00:10,452 INFO current_player plays as X
2019-01-13 05:00:10,453 INFO --------------
2019-01-13 05:00:23,244 INFO action: 190
2019-01-13 05:02:21,572 INFO action: 44
2019-01-13 05:02:48,856 INFO action: 200
2019-01-13 05:03:19,618 INFO action: 107
2019-01-13 05:03:41,580 INFO action: 57
2019-01-13 05:04:11,382 INFO action: 0
2019-01-13 05:04:41,658 INFO action: 63
2019-01-13 05:05:16,822 INFO action: 135
2019-01-13 05:05:43,129 INFO action: 16
2019-01-13 05:06:10,786 INFO action: 1
2019-01-13 05:06:41,924 INFO action: 166
2019-01-13 05:07:14,459 INFO action: 66
2019-01-13 05:07:47,811 INFO action: 144
2019-01-13 05:08:24,997 INFO action: 182
2019-01-13 05:08:56,027 INFO action: 203
2019-01-13 05:09:24,910 INFO action: 181
2019-01-13 05:09:47,085 INFO action: 176
2019-01-13 05:10:00,516 INFO action: 186
2019-01-13 05:10:12,207 INFO action: 100
2019-01-13 05:10:23,920 INFO action: 169
2019-01-13 05:10:35,611 INFO action: 7
2019-01-13 05:10:47,232 INFO action: 2
2019-01-13 05:10:58,755 INFO action: 223
2019-01-13 05:11:10,256 INFO action: 3
2019-01-13 05:11:21,581 INFO action: 68
2019-01-13 05:11:22,742 INFO action: 4
2019-01-13 05:11:22,744 INFO best_player WINS!
2019-01-13 05:11:22,744 INFO ==========!!========
2019-01-13 05:11:22,744 INFO EPISODE 3 OF 5
2019-01-13 05:11:22,744 INFO ====================
2019-01-13 05:11:22,788 INFO best_player plays as X
2019-01-13 05:11:35,554 INFO action: 64
2019-01-13 05:11:48,236 INFO action: 23
2019-01-13 05:12:00,872 INFO action: 162
2019-01-13 05:12:13,388 INFO action: 216
2019-01-13 05:13:05,198 INFO action: 127
2019-01-13 05:13:35,823 INFO action: 32
2019-01-13 05:14:03,822 INFO action: 104
2019-01-13 05:14:26,217 INFO action: 119
2019-01-13 05:14:50,840 INFO action: 54
2019-01-13 05:15:21,584 INFO action: 193
2019-01-13 05:15:53,987 INFO action: 0
2019-01-13 05:16:15,372 INFO action: 192
2019-01-13 05:16:30,926 INFO action: 1
2019-01-13 05:16:43,056 INFO action: 168
2019-01-13 05:16:56,248 INFO action: 2
2019-01-13 05:17:08,264 INFO action: 219
2019-01-13 05:17:16,510 INFO action: 3
2019-01-13 05:17:28,256 INFO action: 88
2019-01-13 05:17:29,516 INFO action: 4
2019-01-13 05:17:29,517 INFO best_player WINS!
2019-01-13 05:17:29,517 INFO ==========!!========
2019-01-13 05:17:29,517 INFO EPISODE 4 OF 5
2019-01-13 05:17:29,517 INFO ====================
2019-01-13 05:17:29,527 INFO current_player plays as X
2019-01-13 05:17:29,527 INFO --------------
2019-01-13 05:17:42,239 INFO action: 62
2019-01-13 05:17:55,196 INFO action: 1
2019-01-13 05:18:08,065 INFO action: 172
2019-01-13 05:18:21,090 INFO action: 100
2019-01-13 05:18:59,296 INFO action: 18
2019-01-13 05:19:18,866 INFO action: 0
2019-01-13 05:19:44,458 INFO action: 145
2019-01-13 05:20:11,327 INFO action: 70
2019-01-13 05:20:37,236 INFO action: 39
2019-01-13 05:21:05,834 INFO action: 127
2019-01-13 05:21:28,637 INFO action: 54
2019-01-13 05:21:55,883 INFO action: 8
2019-01-13 05:22:20,120 INFO action: 213
2019-01-13 05:22:40,713 INFO action: 214
2019-01-13 05:23:05,333 INFO action: 108
2019-01-13 05:23:31,104 INFO action: 96
2019-01-13 05:23:56,464 INFO action: 137
2019-01-13 05:24:16,155 INFO action: 2
2019-01-13 05:24:28,121 INFO action: 205
2019-01-13 05:24:39,845 INFO action: 3
2019-01-13 05:24:51,398 INFO action: 148
2019-01-13 05:24:52,569 INFO action: 4
2019-01-13 05:24:52,571 INFO best_player WINS!
2019-01-13 05:24:52,571 INFO ==========!!========
2019-01-13 05:24:52,571 INFO EPISODE 5 OF 5
2019-01-13 05:24:52,571 INFO ====================
2019-01-13 05:24:52,599 INFO best_player plays as X
2019-01-13 05:25:05,306 INFO action: 83
2019-01-13 05:25:48,080 INFO action: 208
2019-01-13 05:26:12,305 INFO action: 182
2019-01-13 05:26:38,327 INFO action: 66
2019-01-13 05:27:07,703 INFO action: 0
2019-01-13 05:27:31,044 INFO action: 34
2019-01-13 05:27:53,688 INFO action: 5
2019-01-13 05:28:33,237 INFO action: 20
2019-01-13 05:29:00,022 INFO action: 134
2019-01-13 05:29:23,263 INFO action: 52
2019-01-13 05:29:58,477 INFO action: 204
2019-01-13 05:30:20,058 INFO action: 96
2019-01-13 05:30:45,668 INFO action: 1
2019-01-13 05:31:12,903 INFO action: 150
2019-01-13 05:31:39,829 INFO action: 29
2019-01-13 05:32:08,839 INFO action: 148
2019-01-13 05:32:33,874 INFO action: 86
2019-01-13 05:32:46,600 INFO action: 180
2019-01-13 05:32:58,479 INFO action: 210
2019-01-13 05:33:10,240 INFO action: 103
2019-01-13 05:33:21,961 INFO action: 78
2019-01-13 05:33:33,531 INFO action: 50
2019-01-13 05:33:45,111 INFO action: 2
2019-01-13 05:33:56,589 INFO action: 99
2019-01-13 05:34:08,055 INFO action: 10
2019-01-13 05:34:19,391 INFO action: 214
2019-01-13 05:34:30,751 INFO action: 143
2019-01-13 05:34:42,231 INFO action: 63
2019-01-13 05:34:53,547 INFO action: 107
2019-01-13 05:35:17,035 INFO action: 7
2019-01-13 05:35:28,424 INFO action: 56
2019-01-13 05:35:39,486 INFO action: 178
2019-01-13 05:35:50,637 INFO action: 187
2019-01-13 05:36:01,673 INFO action: 69
2019-01-13 05:36:12,666 INFO action: 3
2019-01-13 05:36:23,588 INFO action: 205
2019-01-13 05:36:24,696 INFO action: 4
2019-01-13 05:36:24,697 INFO best_player WINS!
2019-01-13 06:35:36,241 INFO ==========!!========
2019-01-13 06:35:36,243 INFO EPISODE 1 OF 5
2019-01-13 06:35:36,243 INFO ====================
2019-01-13 06:35:44,373 INFO best_player plays as X
2019-01-13 06:35:57,256 INFO action: 38
2019-01-13 06:36:09,912 INFO action: 68
2019-01-13 06:36:22,779 INFO action: 52
2019-01-13 06:36:35,621 INFO action: 221
2019-01-13 06:36:48,458 INFO action: 143
2019-01-13 06:37:01,211 INFO action: 172
2019-01-13 06:37:14,025 INFO action: 57
2019-01-13 06:37:27,180 INFO action: 220
2019-01-13 06:37:40,012 INFO action: 0
2019-01-13 06:37:52,613 INFO action: 21
2019-01-13 06:38:05,823 INFO action: 53
2019-01-13 06:38:18,762 INFO action: 65
2019-01-13 06:43:18,601 INFO action: 1
2019-01-13 06:43:41,087 INFO action: 6
2019-01-13 06:44:15,675 INFO action: 2
2019-01-13 06:44:36,867 INFO action: 211
2019-01-13 06:45:03,809 INFO action: 3
2019-01-13 06:45:28,740 INFO action: 87
2019-01-13 06:45:30,782 INFO action: 4
2019-01-13 06:45:30,783 INFO best_player WINS!
2019-01-13 06:45:30,783 INFO ==========!!========
2019-01-13 06:45:30,783 INFO EPISODE 2 OF 5
2019-01-13 06:45:30,783 INFO ====================
2019-01-13 06:45:31,715 INFO current_player plays as X
2019-01-13 06:45:31,715 INFO --------------
2019-01-13 06:45:55,860 INFO action: 135
2019-01-13 06:46:22,533 INFO action: 39
2019-01-13 06:46:47,487 INFO action: 42
2019-01-13 06:47:34,909 INFO action: 92
2019-01-13 06:47:53,594 INFO action: 188
2019-01-13 06:48:13,530 INFO action: 214
2019-01-13 06:48:31,119 INFO action: 77
2019-01-13 06:48:46,579 INFO action: 0
2019-01-13 06:49:02,626 INFO action: 22
2019-01-13 06:49:19,408 INFO action: 1
2019-01-13 06:49:35,569 INFO action: 127
2019-01-13 06:49:54,504 INFO action: 2
2019-01-13 06:50:09,850 INFO action: 56
2019-01-13 06:50:18,823 INFO action: 3
2019-01-13 06:50:39,088 INFO action: 54
2019-01-13 06:50:40,300 INFO action: 4
2019-01-13 06:50:40,302 INFO best_player WINS!
2019-01-13 06:50:40,302 INFO ==========!!========
2019-01-13 06:50:40,302 INFO EPISODE 3 OF 5
2019-01-13 06:50:40,302 INFO ====================
2019-01-13 06:50:40,308 INFO best_player plays as X
2019-01-13 06:50:56,097 INFO action: 201
2019-01-13 06:51:28,218 INFO action: 224
2019-01-13 06:51:46,015 INFO action: 0
2019-01-13 06:52:03,725 INFO action: 142
2019-01-13 06:52:23,210 INFO action: 87
2019-01-13 06:52:40,191 INFO action: 112
2019-01-13 06:53:17,480 INFO action: 114
2019-01-13 06:53:50,603 INFO action: 116
2019-01-13 06:54:17,205 INFO action: 159
2019-01-13 06:54:39,801 INFO action: 182
2019-01-13 06:54:56,910 INFO action: 121
2019-01-13 06:55:19,580 INFO action: 30
2019-01-13 06:55:42,376 INFO action: 156
2019-01-13 06:56:07,170 INFO action: 130
2019-01-13 06:56:34,273 INFO action: 17
2019-01-13 06:57:03,923 INFO action: 147
2019-01-13 06:57:34,617 INFO action: 70
2019-01-13 06:58:06,046 INFO action: 15
2019-01-13 06:58:28,309 INFO action: 83
2019-01-13 06:58:51,834 INFO action: 146
2019-01-13 06:59:14,560 INFO action: 140
2019-01-13 06:59:39,638 INFO action: 103
2019-01-13 07:00:02,947 INFO action: 19
2019-01-13 07:00:33,469 INFO action: 48
2019-01-13 07:00:56,126 INFO action: 74
2019-01-13 07:01:19,824 INFO action: 85
2019-01-13 07:01:31,308 INFO action: 89
2019-01-13 07:01:53,390 INFO action: 68
2019-01-13 07:02:04,682 INFO action: 106
2019-01-13 07:02:15,861 INFO action: 120
2019-01-13 07:02:27,019 INFO action: 1
2019-01-13 07:02:38,163 INFO action: 186
2019-01-13 07:02:49,238 INFO action: 175
2019-01-13 07:03:00,229 INFO action: 151
2019-01-13 07:03:11,187 INFO action: 129
2019-01-13 07:03:22,000 INFO action: 135
2019-01-13 07:03:33,537 INFO action: 212
2019-01-13 07:03:44,677 INFO action: 223
2019-01-13 07:03:55,725 INFO action: 31
2019-01-13 07:04:06,369 INFO action: 216
2019-01-13 07:04:17,600 INFO action: 2
2019-01-13 07:04:28,839 INFO action: 188
2019-01-13 07:05:03,328 INFO action: 3
2019-01-13 07:05:13,897 INFO action: 6
2019-01-13 07:05:14,969 INFO action: 4
2019-01-13 07:05:14,971 INFO best_player WINS!
2019-01-13 07:05:14,980 INFO ==========!!========
2019-01-13 07:05:14,981 INFO EPISODE 4 OF 5
2019-01-13 07:05:14,981 INFO ====================
2019-01-13 07:05:15,080 INFO current_player plays as X
2019-01-13 07:05:15,080 INFO --------------
2019-01-13 07:05:28,003 INFO action: 160
2019-01-13 07:05:40,954 INFO action: 107
2019-01-13 07:05:53,769 INFO action: 124
2019-01-13 07:06:06,869 INFO action: 182
2019-01-13 07:06:19,582 INFO action: 13
2019-01-13 07:06:32,402 INFO action: 0
2019-01-13 07:06:45,056 INFO action: 61
2019-01-13 07:06:57,497 INFO action: 1
2019-01-13 07:07:09,850 INFO action: 48
2019-01-13 07:07:22,390 INFO action: 87
2019-01-13 07:07:34,681 INFO action: 73
2019-01-13 07:07:47,157 INFO action: 67
2019-01-13 07:07:59,452 INFO action: 96
2019-01-13 07:08:11,791 INFO action: 2
2019-01-13 07:08:24,550 INFO action: 169
2019-01-13 07:10:15,527 INFO action: 78
2019-01-13 07:10:29,521 INFO action: 49
2019-01-13 07:10:40,817 INFO action: 3
2019-01-13 07:10:57,647 INFO action: 130
2019-01-13 07:10:58,905 INFO action: 4
2019-01-13 07:10:58,906 INFO best_player WINS!
2019-01-13 07:10:58,907 INFO ==========!!========
2019-01-13 07:10:58,907 INFO EPISODE 5 OF 5
2019-01-13 07:10:58,907 INFO ====================
2019-01-13 07:10:58,957 INFO current_player plays as X
2019-01-13 07:10:58,957 INFO --------------
2019-01-13 07:11:17,000 INFO action: 90
2019-01-13 07:11:34,572 INFO action: 128
2019-01-13 07:11:53,358 INFO action: 111
2019-01-13 07:12:15,643 INFO action: 28
2019-01-13 07:12:35,438 INFO action: 80
2019-01-13 07:12:58,265 INFO action: 72
2019-01-13 07:13:19,440 INFO action: 25
2019-01-13 07:14:00,231 INFO action: 99
2019-01-13 07:14:15,170 INFO action: 57
2019-01-13 07:14:27,830 INFO action: 10
2019-01-13 07:14:40,339 INFO action: 29
2019-01-13 07:14:52,682 INFO action: 132
2019-01-13 07:15:04,907 INFO action: 160
2019-01-13 07:15:17,066 INFO action: 0
2019-01-13 07:15:29,325 INFO action: 26
2019-01-13 07:15:41,386 INFO action: 1
2019-01-13 07:15:54,028 INFO action: 178
2019-01-13 07:16:06,190 INFO action: 115
2019-01-13 07:16:18,910 INFO action: 2
2019-01-13 07:16:31,124 INFO action: 63
2019-01-13 07:16:43,216 INFO action: 206
2019-01-13 07:16:55,178 INFO action: 85
2019-01-13 07:17:07,081 INFO action: 164
2019-01-13 07:17:23,879 INFO action: 3
2019-01-13 07:17:43,993 INFO action: 39
2019-01-13 07:18:03,741 INFO action: 4
2019-01-13 07:18:15,670 INFO action: 60
2019-01-13 07:18:27,341 INFO action: 5
2019-01-13 07:18:49,335 INFO action: 161
2019-01-13 07:18:58,129 INFO action: 6
2019-01-13 07:19:09,223 INFO action: 222
2019-01-13 07:19:10,334 INFO action: 7
2019-01-13 07:19:10,335 INFO best_player WINS!
2019-01-13 07:59:09,016 INFO ==========!!========
2019-01-13 07:59:09,025 INFO EPISODE 1 OF 5
2019-01-13 07:59:09,026 INFO ====================
2019-01-13 07:59:09,103 INFO best_player plays as X
2019-01-13 07:59:25,289 INFO action: 91
2019-01-13 07:59:42,015 INFO action: 129
2019-01-13 07:59:59,011 INFO action: 116
2019-01-13 08:00:18,964 INFO action: 77
2019-01-13 08:00:40,462 INFO action: 102
2019-01-13 08:01:03,545 INFO action: 148
2019-01-13 08:01:21,139 INFO action: 149
2019-01-13 08:01:38,366 INFO action: 181
2019-01-13 08:02:58,980 INFO action: 110
2019-01-13 08:03:39,444 INFO action: 131
2019-01-13 08:03:56,707 INFO action: 184
2019-01-13 08:04:11,596 INFO action: 11
2019-01-13 08:04:28,474 INFO action: 24
2019-01-13 08:04:44,773 INFO action: 69
2019-01-13 08:05:08,362 INFO action: 158
2019-01-13 08:05:26,774 INFO action: 107
2019-01-13 08:05:48,121 INFO action: 66
2019-01-13 08:06:11,572 INFO action: 12
2019-01-13 08:06:29,881 INFO action: 118
2019-01-13 08:06:50,382 INFO action: 20
2019-01-13 08:07:06,535 INFO action: 0
2019-01-13 08:07:23,747 INFO action: 56
2019-01-13 08:07:43,036 INFO action: 214
2019-01-13 08:08:03,320 INFO action: 205
2019-01-13 08:08:24,407 INFO action: 93
2019-01-13 08:08:39,298 INFO action: 177
2019-01-13 08:08:58,030 INFO action: 38
2019-01-13 08:09:13,323 INFO action: 151
2019-01-13 08:09:29,954 INFO action: 1
2019-01-13 08:09:48,475 INFO action: 105
2019-01-13 08:10:17,535 INFO action: 2
2019-01-13 08:10:31,750 INFO action: 173
2019-01-13 08:10:42,942 INFO action: 123
2019-01-13 08:10:54,028 INFO action: 221
2019-01-13 08:11:05,014 INFO action: 18
2019-01-13 08:11:15,992 INFO action: 109
2019-01-13 08:11:26,856 INFO action: 26
2019-01-13 08:11:37,551 INFO action: 4
2019-01-13 08:11:49,557 INFO action: 3
2019-01-13 08:12:00,164 INFO action: 178
2019-01-13 08:12:10,977 INFO action: 5
2019-01-13 08:12:21,327 INFO action: 90
2019-01-13 08:12:32,007 INFO action: 83
2019-01-13 08:12:42,502 INFO action: 61
2019-01-13 08:12:52,978 INFO action: 6
2019-01-13 08:13:03,295 INFO action: 46
2019-01-13 08:13:42,962 INFO action: 7
2019-01-13 08:13:53,335 INFO action: 185
2019-01-13 08:14:03,980 INFO action: 27
2019-01-13 08:14:14,112 INFO action: 29
2019-01-13 08:14:25,297 INFO action: 85
2019-01-13 08:14:35,845 INFO action: 87
2019-01-13 08:14:45,926 INFO action: 111
2019-01-13 08:14:55,969 INFO action: 197
2019-01-13 08:15:06,002 INFO action: 99
2019-01-13 08:15:15,807 INFO action: 125
2019-01-13 08:15:25,559 INFO action: 215
2019-01-13 08:15:35,301 INFO action: 101
2019-01-13 08:15:45,203 INFO action: 8
2019-01-13 08:15:54,774 INFO action: 126
2019-01-13 08:15:55,742 INFO action: 9
2019-01-13 08:15:55,743 INFO best_player WINS!
2019-01-13 08:15:55,754 INFO ==========!!========
2019-01-13 08:15:55,754 INFO EPISODE 2 OF 5
2019-01-13 08:15:55,754 INFO ====================
2019-01-13 08:15:55,938 INFO best_player plays as X
2019-01-13 08:16:08,866 INFO action: 100
2019-01-13 08:16:21,668 INFO action: 130
2019-01-13 08:16:35,086 INFO action: 62
2019-01-13 08:16:48,460 INFO action: 107
2019-01-13 08:17:01,374 INFO action: 0
2019-01-13 08:17:14,556 INFO action: 206
2019-01-13 08:20:00,072 INFO action: 1
2019-01-13 08:20:15,973 INFO action: 106
2019-01-13 08:20:35,067 INFO action: 2
2019-01-13 08:20:52,033 INFO action: 10
2019-01-13 08:21:13,323 INFO action: 121
2019-01-13 08:21:32,135 INFO action: 54
2019-01-13 08:21:51,621 INFO action: 108
2019-01-13 08:22:08,035 INFO action: 96
2019-01-13 08:22:26,447 INFO action: 46
2019-01-13 08:22:49,209 INFO action: 136
2019-01-13 08:23:09,483 INFO action: 52
2019-01-13 08:23:25,762 INFO action: 212
2019-01-13 08:23:42,395 INFO action: 182
2019-01-13 08:24:02,058 INFO action: 33
2019-01-13 08:24:20,830 INFO action: 15
2019-01-13 08:24:37,545 INFO action: 211
2019-01-13 08:24:54,211 INFO action: 17
2019-01-13 08:25:12,712 INFO action: 177
2019-01-13 08:25:30,678 INFO action: 28
2019-01-13 08:25:48,367 INFO action: 180
2019-01-13 08:26:15,500 INFO action: 102
2019-01-13 08:26:33,400 INFO action: 198
2019-01-13 08:26:48,702 INFO action: 153
2019-01-13 08:27:03,808 INFO action: 139
2019-01-13 08:27:19,778 INFO action: 175
2019-01-13 08:27:40,627 INFO action: 143
2019-01-13 08:27:56,552 INFO action: 35
2019-01-13 08:28:12,307 INFO action: 210
2019-01-13 08:28:28,386 INFO action: 134
2019-01-13 08:28:43,131 INFO action: 69
2019-01-13 08:28:56,718 INFO action: 53
2019-01-13 08:29:11,843 INFO action: 126
2019-01-13 08:29:27,971 INFO action: 150
2019-01-13 08:29:39,106 INFO action: 21
2019-01-13 08:29:49,724 INFO action: 12
2019-01-13 08:30:27,195 INFO action: 90
2019-01-13 08:30:37,850 INFO action: 214
2019-01-13 08:30:48,336 INFO action: 71
2019-01-13 08:30:58,955 INFO action: 208
2019-01-13 08:31:09,251 INFO action: 48
2019-01-13 08:31:19,746 INFO action: 3
2019-01-13 08:31:29,948 INFO action: 205
2019-01-13 08:31:31,031 INFO action: 4
2019-01-13 08:31:31,034 INFO best_player WINS!
2019-01-13 08:31:31,037 INFO ==========!!========
2019-01-13 08:31:31,037 INFO EPISODE 3 OF 5
2019-01-13 08:31:31,037 INFO ====================
2019-01-13 08:31:31,161 INFO best_player plays as X
2019-01-13 08:31:44,108 INFO action: 78
2019-01-13 08:31:56,899 INFO action: 94
2019-01-13 08:32:09,810 INFO action: 57
2019-01-13 08:32:22,602 INFO action: 181
2019-01-13 08:32:35,435 INFO action: 179
2019-01-13 08:32:48,109 INFO action: 157
2019-01-13 08:33:00,805 INFO action: 0
2019-01-13 08:33:13,255 INFO action: 70
2019-01-13 08:33:26,001 INFO action: 1
2019-01-13 08:33:38,412 INFO action: 175
2019-01-13 08:33:50,879 INFO action: 182
2019-01-13 08:35:48,269 INFO action: 39
2019-01-13 08:36:05,692 INFO action: 2
2019-01-13 08:36:52,623 INFO action: 205
2019-01-13 08:37:13,441 INFO action: 3
2019-01-13 08:37:34,035 INFO action: 25
2019-01-13 08:37:35,760 INFO action: 4
2019-01-13 08:37:35,761 INFO best_player WINS!
2019-01-13 08:37:35,761 INFO ==========!!========
2019-01-13 08:37:35,761 INFO EPISODE 4 OF 5
2019-01-13 08:37:35,761 INFO ====================
2019-01-13 08:37:35,802 INFO best_player plays as X
2019-01-13 08:37:55,121 INFO action: 99
2019-01-13 08:38:19,725 INFO action: 123
2019-01-13 08:38:42,595 INFO action: 97
2019-01-13 08:39:06,230 INFO action: 6
2019-01-13 08:39:30,681 INFO action: 0
2019-01-13 08:40:19,833 INFO action: 217
2019-01-13 08:40:40,179 INFO action: 144
2019-01-13 08:41:08,869 INFO action: 86
2019-01-13 08:41:22,621 INFO action: 54
2019-01-13 08:41:38,904 INFO action: 90
2019-01-13 08:41:54,044 INFO action: 1
2019-01-13 08:42:08,782 INFO action: 67
2019-01-13 08:42:25,113 INFO action: 2
2019-01-13 08:42:40,435 INFO action: 107
2019-01-13 08:42:58,067 INFO action: 3
2019-01-13 08:43:16,815 INFO action: 95
2019-01-13 08:43:18,633 INFO action: 4
2019-01-13 08:43:18,663 INFO best_player WINS!
2019-01-13 08:43:18,664 INFO ==========!!========
2019-01-13 08:43:18,664 INFO EPISODE 5 OF 5
2019-01-13 08:43:18,664 INFO ====================
2019-01-13 08:43:18,670 INFO best_player plays as X
2019-01-13 08:43:38,386 INFO action: 206
2019-01-13 08:43:56,083 INFO action: 28
2019-01-13 08:44:15,934 INFO action: 149
2019-01-13 08:44:33,494 INFO action: 17
2019-01-13 08:44:51,594 INFO action: 214
2019-01-13 08:45:13,250 INFO action: 148
2019-01-13 08:45:31,265 INFO action: 0
2019-01-13 08:46:12,428 INFO action: 91
2019-01-13 08:47:03,032 INFO action: 1
2019-01-13 08:48:04,824 INFO action: 117
2019-01-13 08:49:27,895 INFO action: 2
2019-01-13 08:50:45,658 INFO action: 35
2019-01-13 08:51:39,936 INFO action: 3
2019-01-13 08:52:45,431 INFO action: 125
2019-01-13 08:52:47,590 INFO action: 4
2019-01-13 08:52:47,661 INFO best_player WINS!
